[error][renderer] Failed to open shader: shaders/grid_bg.vert.spv
[error][renderer] Failed to open shader: shaders/grid_bg.frag.spv
[error][renderer] Failed to open shader: shaders/grid_fg.vert.spv
[error][renderer] Failed to open shader: shaders/grid_fg.frag.spv
[error][app] Failed to initialize draxul
[error][renderer] Failed to open shader: shaders/grid_bg.vert.spv
[error][renderer] Failed to open shader: shaders/grid_bg.frag.spv
[error][renderer] Failed to open shader: shaders/grid_fg.vert.spv
[error][renderer] Failed to open shader: shaders/grid_fg.frag.spv
[error][app] Failed to initialize draxul
[error][renderer] Failed to open shader: shaders/grid_bg.vert.spv
[error][renderer] Failed to open shader: shaders/grid_bg.frag.spv
[error][renderer] Failed to open shader: shaders/grid_fg.vert.spv
[error][renderer] Failed to open shader: shaders/grid_fg.frag.spv
[error][app] Failed to initialize draxul
[error][renderer] Failed to open shader: shaders/grid_bg.vert.spv
[error][renderer] Failed to open shader: shaders/grid_bg.frag.spv
[error][renderer] Failed to open shader: shaders/grid_fg.vert.spv
[error][renderer] Failed to open shader: shaders/grid_fg.frag.spv
[error][app] Failed to initialize draxul
[error][renderer] Failed to open shader: shaders/grid_bg.vert.spv
[error][renderer] Failed to open shader: shaders/grid_bg.frag.spv
[error][renderer] Failed to open shader: shaders/grid_fg.vert.spv
[error][renderer] Failed to open shader: shaders/grid_fg.frag.spv
[error][app] Failed to initialize draxul
[error][renderer] Failed to open shader: shaders/grid_bg.vert.spv
[error][renderer] Failed to open shader: shaders/grid_bg.frag.spv
[error][renderer] Failed to open shader: shaders/grid_fg.vert.spv
[error][renderer] Failed to open shader: shaders/grid_fg.frag.spv
[error][app] Failed to initialize draxul
[error][renderer] Failed to open shader: shaders/grid_bg.vert.spv
[error][renderer] Failed to open shader: shaders/grid_bg.frag.spv
[error][renderer] Failed to open shader: shaders/grid_fg.vert.spv
[error][renderer] Failed to open shader: shaders/grid_fg.frag.spv
[error][app] Failed to initialize draxul
[info][app] MegaCityHost initialized (2942x1730), scanning D:/dev/Draxul
[info][app] MegaCityHost: 3D renderer attached, scene pass registered
[info][app] MegaCityHost initialized (2942x1730), scanning D:/dev/Draxul
[info][app] MegaCityHost: 3D renderer attached, scene pass registered
