[info][app] Initializing
[debug][window] Display / DPI diagnostics begin
[debug][window] SDL logical size: 2240 x 1400
[debug][window] SDL pixel size: 2240 x 1400
[debug][window] SDL display scale: 1.750
[debug][window] SDL effective DPI: 168.0
[debug][window] MDT_EFFECTIVE_DPI: 168 x 168
[debug][window] MDT_ANGULAR_DPI: 161 x 160
[debug][window] MDT_RAW_DPI: 162 x 161
[debug][window] Monitor logical rect: 3840 x 2160 (primary)
[debug][window] Monitor device pixels: 3840 x 2160
[debug][window] GetDeviceCaps HORZSIZE/VERTSIZE: 600 x 340 mm
[debug][window] GetDeviceCaps HORZRES/VERTRES: 3840 x 2160
[debug][window] GetDeviceCaps DESKTOPHORZRES/VERTRES: 3840 x 2160
[debug][window] GetDeviceCaps LOGPIXELSX: 168
[debug][window] Computed physical PPI (DEVMODE/mm): 162.6
[debug][window] Display / DPI diagnostics end
[info][app] Window created
[info][app] Renderer initialized
[info][app] Display PPI: 162
[info][font] Primary font path: C:\Users\cmaughan\AppData\Local\Microsoft\Windows\Fonts\JetBrainsMonoNerdFont-Regular.ttf
[info][font] Font loaded: JetBrainsMono Nerd Font 11pt @ 162 PPI (25 device px), cell=15x33, asc=26, desc=8
[info][font] Font loaded: Segoe UI Emoji 11pt @ 162 PPI (25 device px), cell=34x26, asc=19, desc=6
[info][font] Fallback font loaded: C:\WINDOWS\Fonts\seguiemj.ttf
[info][font] Font loaded: Segoe UI Symbol 11pt @ 162 PPI (25 device px), cell=41x33, asc=27, desc=7
[info][font] Fallback font loaded: C:\WINDOWS\Fonts\seguisym.ttf
[info][font] Font loaded: Yu Gothic 11pt @ 162 PPI (25 device px), cell=30x40, asc=22, desc=6
[info][font] Fallback font loaded: C:\WINDOWS\Fonts\YuGothR.ttc
[info][font] Font loaded: Yu Gothic 11pt @ 162 PPI (25 device px), cell=30x40, asc=22, desc=6
[info][font] Fallback font loaded: C:\WINDOWS\Fonts\YuGothM.ttc
[info][font] Font loaded: MS Gothic 11pt @ 162 PPI (25 device px), cell=25x25, asc=22, desc=4
[info][font] Fallback font loaded: C:\WINDOWS\Fonts\msgothic.ttc
[info][font] Font loaded: Microsoft YaHei 11pt @ 162 PPI (25 device px), cell=32x33, asc=27, desc=7
[info][font] Fallback font loaded: C:\WINDOWS\Fonts\msyh.ttc
[info][font] Font loaded: SimSun 11pt @ 162 PPI (25 device px), cell=25x28, asc=22, desc=4
[info][font] Fallback font loaded: C:\WINDOWS\Fonts\simsun.ttc
[info][app] Font loaded
[info][nvim] nvim spawned (PID 85032)
[info][app] UI attached: 149x42
[info][app] Smoke test passed
[error][rpc] nvim pipe read error
[info][app] Initializing
[debug][window] Display / DPI diagnostics begin
[debug][window] SDL logical size: 2240 x 1400
[debug][window] SDL pixel size: 2240 x 1400
[debug][window] SDL display scale: 1.750
[debug][window] SDL effective DPI: 168.0
[debug][window] MDT_EFFECTIVE_DPI: 168 x 168
[debug][window] MDT_ANGULAR_DPI: 161 x 160
[debug][window] MDT_RAW_DPI: 162 x 161
[debug][window] Monitor logical rect: 3840 x 2160 (primary)
[debug][window] Monitor device pixels: 3840 x 2160
[debug][window] GetDeviceCaps HORZSIZE/VERTSIZE: 600 x 340 mm
[debug][window] GetDeviceCaps HORZRES/VERTRES: 3840 x 2160
[debug][window] GetDeviceCaps DESKTOPHORZRES/VERTRES: 3840 x 2160
[debug][window] GetDeviceCaps LOGPIXELSX: 168
[debug][window] Computed physical PPI (DEVMODE/mm): 162.6
[debug][window] Display / DPI diagnostics end
[info][app] Window created
[info][app] Renderer initialized
[info][app] Display PPI: 162
[info][font] Primary font path: C:\Users\cmaughan\AppData\Local\Microsoft\Windows\Fonts\JetBrainsMonoNerdFont-Regular.ttf
[info][font] Font loaded: JetBrainsMono Nerd Font 11pt @ 162 PPI (25 device px), cell=15x33, asc=26, desc=8
[info][font] Font loaded: Segoe UI Emoji 11pt @ 162 PPI (25 device px), cell=34x26, asc=19, desc=6
[info][font] Fallback font loaded: C:\WINDOWS\Fonts\seguiemj.ttf
[info][font] Font loaded: Segoe UI Symbol 11pt @ 162 PPI (25 device px), cell=41x33, asc=27, desc=7
[info][font] Fallback font loaded: C:\WINDOWS\Fonts\seguisym.ttf
[info][font] Font loaded: Yu Gothic 11pt @ 162 PPI (25 device px), cell=30x40, asc=22, desc=6
[info][font] Fallback font loaded: C:\WINDOWS\Fonts\YuGothR.ttc
[info][font] Font loaded: Yu Gothic 11pt @ 162 PPI (25 device px), cell=30x40, asc=22, desc=6
[info][font] Fallback font loaded: C:\WINDOWS\Fonts\YuGothM.ttc
[info][font] Font loaded: MS Gothic 11pt @ 162 PPI (25 device px), cell=25x25, asc=22, desc=4
[info][font] Fallback font loaded: C:\WINDOWS\Fonts\msgothic.ttc
[info][font] Font loaded: Microsoft YaHei 11pt @ 162 PPI (25 device px), cell=32x33, asc=27, desc=7
[info][font] Fallback font loaded: C:\WINDOWS\Fonts\msyh.ttc
[info][font] Font loaded: SimSun 11pt @ 162 PPI (25 device px), cell=25x28, asc=22, desc=4
[info][font] Fallback font loaded: C:\WINDOWS\Fonts\simsun.ttc
[info][app] Font loaded
[info][nvim] nvim spawned (PID 49668)
[info][app] UI attached: 149x42
[info][app] Smoke test passed
[error][rpc] nvim pipe read error
