[info][app] Initializing
[info][app] Window created
[info][app] Renderer initialized
[info][app] Display PPI: 168
[info][font] Primary font path: D:/dev/draxul/fonts/JetBrainsMonoNerdFont-Regular.ttf
[info][font] Font loaded: JetBrainsMono Nerd Font 11pt @ 168 PPI (26 device px), cell=15x34, asc=27, desc=8
[info][font] Font loaded: Segoe UI Emoji 11pt @ 168 PPI (26 device px), cell=35x27, asc=19, desc=6
[info][font] Fallback font loaded: C:\WINDOWS\Fonts\seguiemj.ttf
[info][font] Font loaded: Segoe UI Symbol 11pt @ 168 PPI (26 device px), cell=42x34, asc=28, desc=7
[info][font] Fallback font loaded: C:\WINDOWS\Fonts\seguisym.ttf
[info][font] Font loaded: Yu Gothic 11pt @ 168 PPI (26 device px), cell=31x41, asc=23, desc=6
[info][font] Fallback font loaded: C:\WINDOWS\Fonts\YuGothR.ttc
[info][font] Font loaded: Yu Gothic 11pt @ 168 PPI (26 device px), cell=31x41, asc=23, desc=6
[info][font] Fallback font loaded: C:\WINDOWS\Fonts\YuGothM.ttc
[info][font] Font loaded: MS Gothic 11pt @ 168 PPI (26 device px), cell=22x22, asc=19, desc=4
[info][font] Fallback font loaded: C:\WINDOWS\Fonts\msgothic.ttc
[info][font] Font loaded: Microsoft YaHei 11pt @ 168 PPI (26 device px), cell=34x34, asc=28, desc=7
[info][font] Fallback font loaded: C:\WINDOWS\Fonts\msyh.ttc
[info][font] Font loaded: SimSun 11pt @ 168 PPI (26 device px), cell=17x19, asc=15, desc=3
[info][font] Fallback font loaded: C:\WINDOWS\Fonts\simsun.ttc
[info][app] Font loaded
[info][nvim] nvim spawned (PID 122664)
[info][app] UI attached: 79x22
[info][app] Render test requesting capture frame
[error][app] Render snapshot drifted by 3.85285% (35138 pixels, tolerance 0.1%)
[info][rpc] RPC transport closed
